Command line:
   ALU_Ctrl_isim_beh.exe
     -simmode  gui
     -simrunnum  0
     -socket  2003

Tue May 09 21:09:15 2017


 Elaboration Time: 0.140625 sec

 Current Memory Usage: 845.013 Meg

 Total Signals          : 15
 Total Nets             : 28
 Total Signal Drivers   : 8
 Total Blocks           : 2
 Total Primitive Blocks : 2
 Total Processes        : 10
 Total Traceable Variables  : 21
 Total Scalar Nets and Variables : 114
Total Line Count : 46

 Total Simulation Time: 0.15625 sec

 Current Memory Usage: 845.013 Meg

Tue May 09 21:09:21 2017

