Command line:
   Instr_Memory_isim_beh.exe
     -simmode  gui
     -simrunnum  0
     -socket  3384

Thu Apr 27 23:17:19 2017


 Elaboration Time: 0.171875 sec

 Current Memory Usage: 1633.78 Meg

 Total Signals          : 14
 Total Nets             : 77
 Total Signal Drivers   : 6
 Total Blocks           : 2
 Total Primitive Blocks : 2
 Total Processes        : 9
 Total Traceable Variables  : 21
 Total Scalar Nets and Variables : 1245
Total Line Count : 20

 Total Simulation Time: 0.203125 sec

 Current Memory Usage: 2106.99 Meg

Thu Apr 27 23:17:30 2017

